<?xml version="1.0" encoding="UTF-8"?>
<!-- Generated by org.testng.reporters.JUnitReportReporter -->
<testsuite skipped="2" hostname="Lenovo" name="TestNG.Testngcases" tests="5" failures="0" timestamp="2020-01-01T23:20:29 IST" time="0.047" errors="0">
  <testcase name="m3" time="0.000" classname="TestNG.Testngcases"/>
  <testcase name="m2" time="0.031" classname="TestNG.Testngcases"/>
  <testcase name="m1" time="0.016" classname="TestNG.Testngcases"/>
  <testcase name="m4" classname="TestNG.Testngcases">
    <skipped/>
  </testcase> <!-- m4 -->
  <testcase name="m5" classname="TestNG.Testngcases">
    <skipped/>
  </testcase> <!-- m5 -->
</testsuite> <!-- TestNG.Testngcases -->
