<?xml version="1.0" encoding="UTF-8"?>
<!-- Generated by org.testng.reporters.JUnitReportReporter -->
<testsuite skipped="0" hostname="Lenovo" name="TestNG.Data" tests="3" failures="0" timestamp="2020-01-01T23:50:55 IST" time="0.016" errors="0">
  <testcase name="m1" time="0.000" classname="TestNG.Data"/>
  <testcase name="m1" time="0.000" classname="TestNG.Data"/>
  <testcase name="m1" time="0.016" classname="TestNG.Data"/>
</testsuite> <!-- TestNG.Data -->
