<?xml version="1.0" encoding="UTF-8"?>
<!-- Generated by org.testng.reporters.JUnitReportReporter -->
<testsuite skipped="0" hostname="Lenovo" name="Testtesng" tests="1" failures="0" timestamp="2019-12-29T09:21:14 IST" time="36.662" errors="0">
  <testcase name="login" time="36.662" classname="Testtesng"/>
</testsuite> <!-- Testtesng -->
